<?xml version="1.0" encoding="UTF-8"?>
<!-- Generated by org.testng.reporters.JUnitXMLReporter -->
<testsuite ignored="0" hostname="WACPT009" failures="1" tests="5" name="Command line test" time="25.753" errors="0" timestamp="2021-02-24T18:15:46 SAST">
  <testcase classname="Test_Cases.TestCase1" name="TestCaseV1" time="8.018"/>
  <testcase classname="Test_Cases.TestCase1" name="TestCase2" time="0.838"/>
  <testcase classname="Test_Cases.TestCase1" name="TestCase3" time="0.0"/>
  <testcase classname="Test_Cases.TestCase1" name="test_chooseCategory" time="0.0"/>
  <testcase classname="Test_Cases.TestStuff" name="other" time="0.0">
    <failure type="java.lang.NullPointerException">
      <![CDATA[java.lang.NullPointerException
at Test_Cases.TestStuff.other(TestStuff.java:35)
at java.base/java.util.ArrayList.forEach(ArrayList.java:1510)
... Removed 37 stack frames]]>
    </failure>
  </testcase> <!-- other -->
</testsuite> <!-- Command line test -->
