<?xml version="1.0" encoding="UTF-8"?>
<testng-results ignored="0" total="5" passed="4" failed="1" skipped="0">
  <reporter-output>
  </reporter-output>
  <suite started-at="2021-02-24T18:15:20 SAST" name="Command line suite" finished-at="2021-02-24T18:15:46 SAST" duration-ms="25753">
    <groups>
    </groups>
    <test started-at="2021-02-24T18:15:20 SAST" name="Command line test" finished-at="2021-02-24T18:15:46 SAST" duration-ms="25753">
      <class name="Test_Cases.TestCase1">
        <test-method is-config="true" signature="beforeClass()[pri:0, instance:Test_Cases.TestCase1@10dba097]" started-at="2021-02-24T18:15:20 SAST" name="beforeClass" finished-at="2021-02-24T18:15:28 SAST" duration-ms="7926" status="PASS">
          <reporter-output>
          </reporter-output>
        </test-method> <!-- beforeClass -->
        <test-method signature="TestCaseV1()[pri:0, instance:Test_Cases.TestCase1@10dba097]" started-at="2021-02-24T18:15:28 SAST" name="TestCaseV1" finished-at="2021-02-24T18:15:36 SAST" duration-ms="8018" status="PASS">
          <reporter-output>
          </reporter-output>
        </test-method> <!-- TestCaseV1 -->
        <test-method signature="TestCase2()[pri:1, instance:Test_Cases.TestCase1@10dba097]" started-at="2021-02-24T18:15:36 SAST" name="TestCase2" finished-at="2021-02-24T18:15:37 SAST" duration-ms="838" status="PASS">
          <reporter-output>
          </reporter-output>
        </test-method> <!-- TestCase2 -->
        <test-method signature="TestCase3()[pri:2, instance:Test_Cases.TestCase1@10dba097]" started-at="2021-02-24T18:15:37 SAST" name="TestCase3" finished-at="2021-02-24T18:15:37 SAST" duration-ms="0" status="PASS">
          <reporter-output>
          </reporter-output>
        </test-method> <!-- TestCase3 -->
        <test-method signature="test_chooseCategory()[pri:3, instance:Test_Cases.TestCase1@10dba097]" started-at="2021-02-24T18:15:37 SAST" name="test_chooseCategory" finished-at="2021-02-24T18:15:37 SAST" duration-ms="0" status="PASS">
          <reporter-output>
          </reporter-output>
        </test-method> <!-- test_chooseCategory -->
        <test-method is-config="true" signature="afterClass()[pri:0, instance:Test_Cases.TestCase1@10dba097]" started-at="2021-02-24T18:15:37 SAST" name="afterClass" finished-at="2021-02-24T18:15:38 SAST" duration-ms="419" status="PASS">
          <reporter-output>
          </reporter-output>
        </test-method> <!-- afterClass -->
      </class> <!-- Test_Cases.TestCase1 -->
      <class name="Test_Cases.TestStuff">
        <test-method is-config="true" signature="Initialize_driver()[pri:0, instance:Test_Cases.TestStuff@1786f9d5]" started-at="2021-02-24T18:15:38 SAST" name="Initialize_driver" finished-at="2021-02-24T18:15:46 SAST" duration-ms="8498" status="PASS">
          <reporter-output>
          </reporter-output>
        </test-method> <!-- Initialize_driver -->
        <test-method signature="other()[pri:1, instance:Test_Cases.TestStuff@1786f9d5]" started-at="2021-02-24T18:15:46 SAST" name="other" finished-at="2021-02-24T18:15:46 SAST" duration-ms="0" status="FAIL">
          <exception class="java.lang.NullPointerException">
            <full-stacktrace>
              <![CDATA[java.lang.NullPointerException
at Test_Cases.TestStuff.other(TestStuff.java:35)
at java.base/jdk.internal.reflect.NativeMethodAccessorImpl.invoke0(Native Method)
at java.base/jdk.internal.reflect.NativeMethodAccessorImpl.invoke(NativeMethodAccessorImpl.java:62)
at java.base/jdk.internal.reflect.DelegatingMethodAccessorImpl.invoke(DelegatingMethodAccessorImpl.java:43)
at java.base/java.lang.reflect.Method.invoke(Method.java:564)
at org.testng.internal.MethodInvocationHelper.invokeMethod(MethodInvocationHelper.java:134)
at org.testng.internal.TestInvoker.invokeMethod(TestInvoker.java:597)
at org.testng.internal.TestInvoker.invokeTestMethod(TestInvoker.java:173)
at org.testng.internal.MethodRunner.runInSequence(MethodRunner.java:46)
at org.testng.internal.TestInvoker$MethodInvocationAgent.invoke(TestInvoker.java:816)
at org.testng.internal.TestInvoker.invokeTestMethods(TestInvoker.java:146)
at org.testng.internal.TestMethodWorker.invokeTestMethods(TestMethodWorker.java:146)
at org.testng.internal.TestMethodWorker.run(TestMethodWorker.java:128)
at java.base/java.util.ArrayList.forEach(ArrayList.java:1510)
at org.testng.TestRunner.privateRun(TestRunner.java:766)
at org.testng.TestRunner.run(TestRunner.java:587)
at org.testng.SuiteRunner.runTest(SuiteRunner.java:384)
at org.testng.SuiteRunner.runSequentially(SuiteRunner.java:378)
at org.testng.SuiteRunner.privateRun(SuiteRunner.java:337)
at org.testng.SuiteRunner.run(SuiteRunner.java:286)
at org.testng.SuiteRunnerWorker.runSuite(SuiteRunnerWorker.java:53)
at org.testng.SuiteRunnerWorker.run(SuiteRunnerWorker.java:96)
at org.testng.TestNG.runSuitesSequentially(TestNG.java:1187)
at org.testng.TestNG.runSuitesLocally(TestNG.java:1109)
at org.testng.TestNG.runSuites(TestNG.java:1039)
at org.testng.TestNG.run(TestNG.java:1007)
at org.apache.maven.surefire.testng.TestNGExecutor.run(TestNGExecutor.java:77)
at org.apache.maven.surefire.testng.TestNGDirectoryTestSuite.executeMulti(TestNGDirectoryTestSuite.java:159)
at org.apache.maven.surefire.testng.TestNGDirectoryTestSuite.execute(TestNGDirectoryTestSuite.java:99)
at org.apache.maven.surefire.testng.TestNGProvider.invoke(TestNGProvider.java:106)
at java.base/jdk.internal.reflect.NativeMethodAccessorImpl.invoke0(Native Method)
at java.base/jdk.internal.reflect.NativeMethodAccessorImpl.invoke(NativeMethodAccessorImpl.java:62)
at java.base/jdk.internal.reflect.DelegatingMethodAccessorImpl.invoke(DelegatingMethodAccessorImpl.java:43)
at java.base/java.lang.reflect.Method.invoke(Method.java:564)
at org.apache.maven.surefire.util.ReflectionUtils.invokeMethodWithArray(ReflectionUtils.java:189)
at org.apache.maven.surefire.booter.ProviderFactory$ProviderProxy.invoke(ProviderFactory.java:165)
at org.apache.maven.surefire.booter.ProviderFactory.invokeProvider(ProviderFactory.java:85)
at org.apache.maven.surefire.booter.ForkedBooter.runSuitesInProcess(ForkedBooter.java:115)
at org.apache.maven.surefire.booter.ForkedBooter.main(ForkedBooter.java:75)
]]>
            </full-stacktrace>
          </exception> <!-- java.lang.NullPointerException -->
          <reporter-output>
          </reporter-output>
        </test-method> <!-- other -->
      </class> <!-- Test_Cases.TestStuff -->
    </test> <!-- Command line test -->
  </suite> <!-- Command line suite -->
</testng-results>
