-------------------------------------------------------------------------------
Test set: TestSuite
-------------------------------------------------------------------------------
Tests run: 5, Failures: 1, Errors: 0, Skipped: 0, Time elapsed: 28.201 sec <<< FAILURE!
other(Test_Cases.TestStuff)  Time elapsed: 0.004 sec  <<< FAILURE!
java.lang.NullPointerException
	at Test_Cases.TestStuff.other(TestStuff.java:35)

