<?xml version="1.0" encoding="UTF-8" ?>
<testsuite tests="5" failures="1" name="TestSuite" time="8.867" errors="0" skipped="0">
  <properties>
[...]
</properties>
  <testcase classname="Test_Cases.TestCase1" name="TestCaseV1" time="8.022"/>
  <testcase classname="Test_Cases.TestCase1" name="TestCase2" time="0.839"/>
  <testcase classname="Test_Cases.TestCase1" name="TestCase3" time="0.001"/>
  <testcase classname="Test_Cases.TestCase1" name="test_chooseCategory" time="0.001"/>
  <testcase classname="Test_Cases.TestStuff" name="other" time="0.004">
    <failure type="java.lang.NullPointerException">java.lang.NullPointerException
	at Test_Cases.TestStuff.other(TestStuff.java:35)
</failure>
    <system-err>log4j:WARN No appenders could be found for logger (freemarker.cache).
log4j:WARN Please initialize the log4j system properly.
log4j:WARN See http://logging.apache.org/log4j/1.2/faq.html#noconfig for more info.
Starting ChromeDriver 2.35.528161 (5b82f2d2aae0ca24b877009200ced9065a772e73) on port 48755
Only local connections are allowed.
Feb 24, 2021 6:15:41 PM org.openqa.selenium.remote.ProtocolHandshake createSession
INFO: Detected dialect: OSS
</system-err>
  </testcase>
</testsuite>